Using pre-set license
Built from '2021.1/staging' branch; Version is '2021.1.6f1 (c0fade0cc7e9) revision 12647134'; Using compiler version '192528614'; Build Type 'Release'
OS: 'Windows 10 Home; OS build 19043.1110; Version 2009; 64bit' Language: 'en' Physical Memory: 16316 MB
BatchMode: 1, IsHumanControllingUs: 0, StartBugReporterOnCrash: 0, Is64bit: 1, IsPro: 0

 COMMAND LINE ARGUMENTS:
C:\Program Files\Unity\Hub\Editor\2021.1.6f1\Editor\Unity.exe
-adb2
-batchMode
-noUpm
-name
AssetImportWorker0
-projectPath
E:/Unity/VGP142 - Cross Platform Programming 2/VGP142L03
-logFile
Logs/AssetImportWorker0.log
-srvPort
53511
Successfully changed project path to: E:/Unity/VGP142 - Cross Platform Programming 2/VGP142L03
E:/Unity/VGP142 - Cross Platform Programming 2/VGP142L03
Using Asset Import Pipeline V2.
Refreshing native plugins compatible for Editor in 77.10 ms, found 1 plugins.
Preloading 0 native plugins for Editor in 0.00 ms.
Initialize engine version: 2021.1.6f1 (c0fade0cc7e9)
[Subsystems] Discovering subsystems at path C:/Program Files/Unity/Hub/Editor/2021.1.6f1/Editor/Data/Resources/UnitySubsystems
[Subsystems] Discovering subsystems at path E:/Unity/VGP142 - Cross Platform Programming 2/VGP142L03/Assets
GfxDevice: creating device client; threaded=0; jobified=0
Direct3D:
    Version:  Direct3D 11.0 [level 11.1]
    Renderer: NVIDIA GeForce GTX 1080 (ID=0x1b80)
    Vendor:   NVIDIA
    VRAM:     8079 MB
    Driver:   30.0.14.7141
Initialize mono
Mono path[0] = 'C:/Program Files/Unity/Hub/Editor/2021.1.6f1/Editor/Data/Managed'
Mono path[1] = 'C:/Program Files/Unity/Hub/Editor/2021.1.6f1/Editor/Data/MonoBleedingEdge/lib/mono/unityjit'
Mono config path = 'C:/Program Files/Unity/Hub/Editor/2021.1.6f1/Editor/Data/MonoBleedingEdge/etc'
Using monoOptions --debugger-agent=transport=dt_socket,embedding=1,server=y,suspend=n,address=127.0.0.1:56032
Begin MonoManager ReloadAssembly
Registering precompiled unity dll's ...
Register platform support module: C:/Program Files/Unity/Hub/Editor/2021.1.6f1/Editor/Data/PlaybackEngines/WindowsStandaloneSupport/UnityEditor.WindowsStandalone.Extensions.dll
Registered in 0.002190 seconds.
Native extension for WindowsStandalone target not found
Refreshing native plugins compatible for Editor in 130.75 ms, found 1 plugins.
Preloading 0 native plugins for Editor in 0.00 ms.
Mono: successfully reloaded assembly
- Completed reload, in  1.573 seconds
Platform modules already initialized, skipping
Registering precompiled user dll's ...
Registered in 0.002581 seconds.
Begin MonoManager ReloadAssembly
Native extension for WindowsStandalone target not found
Refreshing native plugins compatible for Editor in 0.73 ms, found 1 plugins.
Preloading 0 native plugins for Editor in 0.00 ms.
Mono: successfully reloaded assembly
- Completed reload, in  1.033 seconds
Platform modules already initialized, skipping
========================================================================
Worker process is ready to serve import requests
Launched and connected shader compiler UnityShaderCompiler.exe after 0.04 seconds
Refreshing native plugins compatible for Editor in 0.44 ms, found 1 plugins.
Preloading 0 native plugins for Editor in 0.00 ms.
Unloading 2704 Unused Serialized files (Serialized files now loaded: 0)
System memory in use before: 100.2 MB.
System memory in use after: 100.3 MB.

Unloading 15 unused Assets to reduce memory usage. Loaded Objects now: 3159.
Total: 2.355700 ms (FindLiveObjects: 0.397400 ms CreateObjectMapping: 0.169300 ms MarkObjects: 1.719100 ms  DeleteObjects: 0.068500 ms)

========================================================================
Received Prepare
Registering precompiled user dll's ...
Registered in 0.003386 seconds.
Begin MonoManager ReloadAssembly
Native extension for WindowsStandalone target not found
Refreshing native plugins compatible for Editor in 0.41 ms, found 1 plugins.
Preloading 0 native plugins for Editor in 0.00 ms.
Mono: successfully reloaded assembly
- Completed reload, in  1.057 seconds
Platform modules already initialized, skipping
Refreshing native plugins compatible for Editor in 0.44 ms, found 1 plugins.
Preloading 0 native plugins for Editor in 0.00 ms.
Unloading 2699 Unused Serialized files (Serialized files now loaded: 0)
System memory in use before: 100.1 MB.
System memory in use after: 100.3 MB.

Unloading 10 unused Assets to reduce memory usage. Loaded Objects now: 3162.
Total: 1.556300 ms (FindLiveObjects: 0.213200 ms CreateObjectMapping: 0.122500 ms MarkObjects: 1.181200 ms  DeleteObjects: 0.038600 ms)

========================================================================
Received Import Request.
  path: Assets/Scripts/Projectile.cs
  artifactKey: Guid(dbf264b8e664c0a4f8b3db27909fb5ad) Importer(815301076,1909f56bfc062723c751e8b465ee728b)
Start importing Assets/Scripts/Projectile.cs using Guid(dbf264b8e664c0a4f8b3db27909fb5ad) Importer(815301076,1909f56bfc062723c751e8b465ee728b)  -> (artifact id: 'ae21714fab96063815a32f2213082dc7') in 0.028719 seconds 
========================================================================
Received Import Request.
  Time since last request: 198.095264 seconds.
  path: Assets/Scripts/Projectile.cs
  artifactKey: Guid(dbf264b8e664c0a4f8b3db27909fb5ad) Importer(815301076,1909f56bfc062723c751e8b465ee728b)
Start importing Assets/Scripts/Projectile.cs using Guid(dbf264b8e664c0a4f8b3db27909fb5ad) Importer(815301076,1909f56bfc062723c751e8b465ee728b)  -> (artifact id: '7329c7165a24e23c798cc5e6f042d47d') in 0.005857 seconds 
========================================================================
Received Import Request.
  Time since last request: 8.093013 seconds.
  path: Assets/Prefabs/Bullet.prefab
  artifactKey: Guid(25ceea43b823a5447a095b68fd4bc982) Importer(815301076,1909f56bfc062723c751e8b465ee728b)
Start importing Assets/Prefabs/Bullet.prefab using Guid(25ceea43b823a5447a095b68fd4bc982) Importer(815301076,1909f56bfc062723c751e8b465ee728b)  -> (artifact id: '95888e1cb630e87e4ad482221233155c') in 0.117948 seconds 
========================================================================
Received Prepare
Registering precompiled user dll's ...
Registered in 0.002595 seconds.
Begin MonoManager ReloadAssembly
Native extension for WindowsStandalone target not found
Refreshing native plugins compatible for Editor in 0.40 ms, found 1 plugins.
Preloading 0 native plugins for Editor in 0.00 ms.
Mono: successfully reloaded assembly
- Completed reload, in  0.836 seconds
Platform modules already initialized, skipping
Refreshing native plugins compatible for Editor in 0.44 ms, found 1 plugins.
Preloading 0 native plugins for Editor in 0.00 ms.
Unloading 2699 Unused Serialized files (Serialized files now loaded: 0)
System memory in use before: 103.9 MB.
System memory in use after: 104.1 MB.

Unloading 10 unused Assets to reduce memory usage. Loaded Objects now: 3173.
Total: 2.737300 ms (FindLiveObjects: 0.195700 ms CreateObjectMapping: 0.103900 ms MarkObjects: 2.392300 ms  DeleteObjects: 0.044300 ms)

========================================================================
Received Import Request.
  Time since last request: 130.519654 seconds.
  path: Assets/Prefabs/Bullet.prefab
  artifactKey: Guid(25ceea43b823a5447a095b68fd4bc982) Importer(815301076,1909f56bfc062723c751e8b465ee728b)
Start importing Assets/Prefabs/Bullet.prefab using Guid(25ceea43b823a5447a095b68fd4bc982) Importer(815301076,1909f56bfc062723c751e8b465ee728b)  -> (artifact id: 'a0572d61cfebf4727d4767127023f470') in 0.051762 seconds 
========================================================================
Received Prepare
Registering precompiled user dll's ...
Registered in 0.003196 seconds.
Begin MonoManager ReloadAssembly
Native extension for WindowsStandalone target not found
Refreshing native plugins compatible for Editor in 0.66 ms, found 1 plugins.
Preloading 0 native plugins for Editor in 0.00 ms.
Mono: successfully reloaded assembly
- Completed reload, in  0.833 seconds
Platform modules already initialized, skipping
Refreshing native plugins compatible for Editor in 0.61 ms, found 1 plugins.
Preloading 0 native plugins for Editor in 0.00 ms.
Unloading 2699 Unused Serialized files (Serialized files now loaded: 0)
System memory in use before: 103.9 MB.
System memory in use after: 104.1 MB.

Unloading 10 unused Assets to reduce memory usage. Loaded Objects now: 3177.
Total: 2.702200 ms (FindLiveObjects: 0.174900 ms CreateObjectMapping: 0.129100 ms MarkObjects: 2.347300 ms  DeleteObjects: 0.049600 ms)

========================================================================
Received Import Request.
  Time since last request: 19.559672 seconds.
  path: Assets/Prefabs/Bullet.prefab
  artifactKey: Guid(25ceea43b823a5447a095b68fd4bc982) Importer(815301076,1909f56bfc062723c751e8b465ee728b)
Start importing Assets/Prefabs/Bullet.prefab using Guid(25ceea43b823a5447a095b68fd4bc982) Importer(815301076,1909f56bfc062723c751e8b465ee728b)  -> (artifact id: '6a657fa94abb881e6ecd677769096a34') in 0.047491 seconds 
========================================================================
Received Import Request.
  Time since last request: 31.077009 seconds.
  path: Assets/BitGun/Texture/purple_gun.tga
  artifactKey: Guid(d5a5f148bde9f42428a150b4ba143d19) Importer(815301076,1909f56bfc062723c751e8b465ee728b)
Start importing Assets/BitGun/Texture/purple_gun.tga using Guid(d5a5f148bde9f42428a150b4ba143d19) Importer(815301076,1909f56bfc062723c751e8b465ee728b)  -> (artifact id: 'e64a8b5dd1e00b3204651010ef10da98') in 0.024416 seconds 
========================================================================
Received Prepare
Registering precompiled user dll's ...
Registered in 0.002359 seconds.
Begin MonoManager ReloadAssembly
Native extension for WindowsStandalone target not found
Refreshing native plugins compatible for Editor in 0.39 ms, found 1 plugins.
Preloading 0 native plugins for Editor in 0.00 ms.
Mono: successfully reloaded assembly
- Completed reload, in  0.762 seconds
Platform modules already initialized, skipping
Refreshing native plugins compatible for Editor in 0.41 ms, found 1 plugins.
Preloading 0 native plugins for Editor in 0.00 ms.
Unloading 2700 Unused Serialized files (Serialized files now loaded: 0)
System memory in use before: 104.4 MB.
System memory in use after: 104.6 MB.

Unloading 10 unused Assets to reduce memory usage. Loaded Objects now: 3198.
Total: 1.640300 ms (FindLiveObjects: 0.184000 ms CreateObjectMapping: 0.117900 ms MarkObjects: 1.298000 ms  DeleteObjects: 0.039600 ms)

========================================================================
Received Import Request.
  Time since last request: 511.287062 seconds.
  path: Assets/Prefabs/Boo.prefab
  artifactKey: Guid(f81f5e72eedbb42438f3f75891fdc24b) Importer(815301076,1909f56bfc062723c751e8b465ee728b)
Start importing Assets/Prefabs/Boo.prefab using Guid(f81f5e72eedbb42438f3f75891fdc24b) Importer(815301076,1909f56bfc062723c751e8b465ee728b)  -> (artifact id: '86da24a094264e019d07d14d628cb1e4') in 0.157368 seconds 
========================================================================
Received Prepare
Registering precompiled user dll's ...
Registered in 0.004090 seconds.
Begin MonoManager ReloadAssembly
Native extension for WindowsStandalone target not found
Refreshing native plugins compatible for Editor in 0.42 ms, found 1 plugins.
Preloading 0 native plugins for Editor in 0.00 ms.
Mono: successfully reloaded assembly
- Completed reload, in  0.869 seconds
Platform modules already initialized, skipping
Refreshing native plugins compatible for Editor in 0.43 ms, found 1 plugins.
Preloading 0 native plugins for Editor in 0.00 ms.
Unloading 2699 Unused Serialized files (Serialized files now loaded: 0)
System memory in use before: 104.4 MB.
System memory in use after: 104.6 MB.

Unloading 10 unused Assets to reduce memory usage. Loaded Objects now: 3202.
Total: 2.073600 ms (FindLiveObjects: 0.188700 ms CreateObjectMapping: 0.118600 ms MarkObjects: 1.715700 ms  DeleteObjects: 0.049700 ms)

========================================================================
Received Prepare
Registering precompiled user dll's ...
Registered in 0.002205 seconds.
Begin MonoManager ReloadAssembly
Native extension for WindowsStandalone target not found
Refreshing native plugins compatible for Editor in 0.39 ms, found 1 plugins.
Preloading 0 native plugins for Editor in 0.00 ms.
Mono: successfully reloaded assembly
- Completed reload, in  0.778 seconds
Platform modules already initialized, skipping
Refreshing native plugins compatible for Editor in 0.40 ms, found 1 plugins.
Preloading 0 native plugins for Editor in 0.00 ms.
Unloading 2699 Unused Serialized files (Serialized files now loaded: 0)
System memory in use before: 104.4 MB.
System memory in use after: 104.6 MB.

Unloading 10 unused Assets to reduce memory usage. Loaded Objects now: 3205.
Total: 1.561800 ms (FindLiveObjects: 0.182800 ms CreateObjectMapping: 0.104800 ms MarkObjects: 1.237200 ms  DeleteObjects: 0.036300 ms)

========================================================================
Received Prepare
Registering precompiled user dll's ...
Registered in 0.004162 seconds.
Begin MonoManager ReloadAssembly
Native extension for WindowsStandalone target not found
Refreshing native plugins compatible for Editor in 0.63 ms, found 1 plugins.
Preloading 0 native plugins for Editor in 0.00 ms.
Mono: successfully reloaded assembly
- Completed reload, in  1.016 seconds
Platform modules already initialized, skipping
Refreshing native plugins compatible for Editor in 0.73 ms, found 1 plugins.
Preloading 0 native plugins for Editor in 0.00 ms.
Unloading 2699 Unused Serialized files (Serialized files now loaded: 0)
System memory in use before: 104.4 MB.
System memory in use after: 104.6 MB.

Unloading 10 unused Assets to reduce memory usage. Loaded Objects now: 3208.
Total: 2.292400 ms (FindLiveObjects: 0.238200 ms CreateObjectMapping: 0.123500 ms MarkObjects: 1.873400 ms  DeleteObjects: 0.055200 ms)

========================================================================
Received Import Request.
  Time since last request: 476.106678 seconds.
  path: Assets/Prefabs/Bullet.prefab
  artifactKey: Guid(25ceea43b823a5447a095b68fd4bc982) Importer(815301076,1909f56bfc062723c751e8b465ee728b)
Start importing Assets/Prefabs/Bullet.prefab using Guid(25ceea43b823a5447a095b68fd4bc982) Importer(815301076,1909f56bfc062723c751e8b465ee728b)  -> (artifact id: 'bf3116a3cd1b240e2eb794f79a3f94ac') in 0.063073 seconds 
========================================================================
Received Prepare
Registering precompiled user dll's ...
Registered in 0.002252 seconds.
Begin MonoManager ReloadAssembly
Native extension for WindowsStandalone target not found
Refreshing native plugins compatible for Editor in 0.61 ms, found 1 plugins.
Preloading 0 native plugins for Editor in 0.00 ms.
Mono: successfully reloaded assembly
- Completed reload, in  0.757 seconds
Platform modules already initialized, skipping
Refreshing native plugins compatible for Editor in 0.49 ms, found 1 plugins.
Preloading 0 native plugins for Editor in 0.00 ms.
Unloading 2699 Unused Serialized files (Serialized files now loaded: 0)
System memory in use before: 104.4 MB.
System memory in use after: 104.6 MB.

Unloading 10 unused Assets to reduce memory usage. Loaded Objects now: 3212.
Total: 1.549100 ms (FindLiveObjects: 0.172600 ms CreateObjectMapping: 0.103000 ms MarkObjects: 1.238700 ms  DeleteObjects: 0.034000 ms)

========================================================================
Received Prepare
Registering precompiled user dll's ...
Registered in 0.002246 seconds.
Begin MonoManager ReloadAssembly
Native extension for WindowsStandalone target not found
Refreshing native plugins compatible for Editor in 0.49 ms, found 1 plugins.
Preloading 0 native plugins for Editor in 0.00 ms.
Mono: successfully reloaded assembly
- Completed reload, in  0.768 seconds
Platform modules already initialized, skipping
Refreshing native plugins compatible for Editor in 0.40 ms, found 1 plugins.
Preloading 0 native plugins for Editor in 0.00 ms.
Unloading 2699 Unused Serialized files (Serialized files now loaded: 0)
System memory in use before: 104.4 MB.
System memory in use after: 104.6 MB.

Unloading 10 unused Assets to reduce memory usage. Loaded Objects now: 3215.
Total: 1.604200 ms (FindLiveObjects: 0.183100 ms CreateObjectMapping: 0.105600 ms MarkObjects: 1.279200 ms  DeleteObjects: 0.035500 ms)

========================================================================
Received Prepare
Registering precompiled user dll's ...
Registered in 0.003363 seconds.
Begin MonoManager ReloadAssembly
Native extension for WindowsStandalone target not found
Refreshing native plugins compatible for Editor in 0.61 ms, found 1 plugins.
Preloading 0 native plugins for Editor in 0.00 ms.
Mono: successfully reloaded assembly
- Completed reload, in  0.805 seconds
Platform modules already initialized, skipping
Refreshing native plugins compatible for Editor in 0.42 ms, found 1 plugins.
Preloading 0 native plugins for Editor in 0.00 ms.
Unloading 2699 Unused Serialized files (Serialized files now loaded: 0)
System memory in use before: 104.4 MB.
System memory in use after: 104.6 MB.

Unloading 10 unused Assets to reduce memory usage. Loaded Objects now: 3218.
Total: 1.617800 ms (FindLiveObjects: 0.172200 ms CreateObjectMapping: 0.103600 ms MarkObjects: 1.302400 ms  DeleteObjects: 0.038800 ms)

========================================================================
Received Prepare
Registering precompiled user dll's ...
Registered in 0.002402 seconds.
Begin MonoManager ReloadAssembly
Native extension for WindowsStandalone target not found
Refreshing native plugins compatible for Editor in 0.41 ms, found 1 plugins.
Preloading 0 native plugins for Editor in 0.00 ms.
Mono: successfully reloaded assembly
- Completed reload, in  0.950 seconds
Platform modules already initialized, skipping
Refreshing native plugins compatible for Editor in 0.48 ms, found 1 plugins.
Preloading 0 native plugins for Editor in 0.00 ms.
Unloading 2699 Unused Serialized files (Serialized files now loaded: 0)
System memory in use before: 104.4 MB.
System memory in use after: 104.6 MB.

Unloading 10 unused Assets to reduce memory usage. Loaded Objects now: 3221.
Total: 3.877900 ms (FindLiveObjects: 0.202000 ms CreateObjectMapping: 0.715400 ms MarkObjects: 2.902900 ms  DeleteObjects: 0.056200 ms)

========================================================================
Received Prepare
Registering precompiled user dll's ...
Registered in 0.002590 seconds.
Begin MonoManager ReloadAssembly
Native extension for WindowsStandalone target not found
Refreshing native plugins compatible for Editor in 0.42 ms, found 1 plugins.
Preloading 0 native plugins for Editor in 0.00 ms.
Mono: successfully reloaded assembly
- Completed reload, in  0.779 seconds
Platform modules already initialized, skipping
Refreshing native plugins compatible for Editor in 0.42 ms, found 1 plugins.
Preloading 0 native plugins for Editor in 0.00 ms.
Unloading 2699 Unused Serialized files (Serialized files now loaded: 0)
System memory in use before: 104.4 MB.
System memory in use after: 104.6 MB.

Unloading 10 unused Assets to reduce memory usage. Loaded Objects now: 3224.
Total: 1.618700 ms (FindLiveObjects: 0.179600 ms CreateObjectMapping: 0.103900 ms MarkObjects: 1.282100 ms  DeleteObjects: 0.052100 ms)

========================================================================
Received Prepare
Registering precompiled user dll's ...
Registered in 0.002574 seconds.
Begin MonoManager ReloadAssembly
Native extension for WindowsStandalone target not found
Refreshing native plugins compatible for Editor in 0.69 ms, found 1 plugins.
Preloading 0 native plugins for Editor in 0.00 ms.
Mono: successfully reloaded assembly
- Completed reload, in  0.920 seconds
Platform modules already initialized, skipping
Refreshing native plugins compatible for Editor in 0.46 ms, found 1 plugins.
Preloading 0 native plugins for Editor in 0.00 ms.
Unloading 2699 Unused Serialized files (Serialized files now loaded: 0)
System memory in use before: 104.4 MB.
System memory in use after: 104.6 MB.

Unloading 10 unused Assets to reduce memory usage. Loaded Objects now: 3227.
Total: 1.682200 ms (FindLiveObjects: 0.196200 ms CreateObjectMapping: 0.122400 ms MarkObjects: 1.308100 ms  DeleteObjects: 0.054800 ms)

========================================================================
Received Prepare
Registering precompiled user dll's ...
Registered in 0.003502 seconds.
Begin MonoManager ReloadAssembly
Native extension for WindowsStandalone target not found
Refreshing native plugins compatible for Editor in 0.52 ms, found 1 plugins.
Preloading 0 native plugins for Editor in 0.00 ms.
Mono: successfully reloaded assembly
- Completed reload, in  0.830 seconds
Platform modules already initialized, skipping
Refreshing native plugins compatible for Editor in 0.46 ms, found 1 plugins.
Preloading 0 native plugins for Editor in 0.00 ms.
Unloading 2699 Unused Serialized files (Serialized files now loaded: 0)
System memory in use before: 104.5 MB.
System memory in use after: 104.7 MB.

Unloading 10 unused Assets to reduce memory usage. Loaded Objects now: 3230.
Total: 1.720900 ms (FindLiveObjects: 0.208600 ms CreateObjectMapping: 0.122400 ms MarkObjects: 1.348400 ms  DeleteObjects: 0.040600 ms)

========================================================================
Received Prepare
Registering precompiled user dll's ...
Registered in 0.002320 seconds.
Begin MonoManager ReloadAssembly
Native extension for WindowsStandalone target not found
Refreshing native plugins compatible for Editor in 0.41 ms, found 1 plugins.
Preloading 0 native plugins for Editor in 0.00 ms.
Mono: successfully reloaded assembly
- Completed reload, in  0.752 seconds
Platform modules already initialized, skipping
Refreshing native plugins compatible for Editor in 0.40 ms, found 1 plugins.
Preloading 0 native plugins for Editor in 0.00 ms.
Unloading 2699 Unused Serialized files (Serialized files now loaded: 0)
System memory in use before: 104.5 MB.
System memory in use after: 104.7 MB.

Unloading 10 unused Assets to reduce memory usage. Loaded Objects now: 3233.
Total: 1.600600 ms (FindLiveObjects: 0.183100 ms CreateObjectMapping: 0.119000 ms MarkObjects: 1.261600 ms  DeleteObjects: 0.036200 ms)

========================================================================
Received Prepare
Registering precompiled user dll's ...
Registered in 0.002511 seconds.
Begin MonoManager ReloadAssembly
Native extension for WindowsStandalone target not found
Refreshing native plugins compatible for Editor in 0.40 ms, found 1 plugins.
Preloading 0 native plugins for Editor in 0.00 ms.
Mono: successfully reloaded assembly
- Completed reload, in  0.734 seconds
Platform modules already initialized, skipping
Refreshing native plugins compatible for Editor in 0.38 ms, found 1 plugins.
Preloading 0 native plugins for Editor in 0.00 ms.
Unloading 2699 Unused Serialized files (Serialized files now loaded: 0)
System memory in use before: 104.5 MB.
System memory in use after: 104.7 MB.

Unloading 10 unused Assets to reduce memory usage. Loaded Objects now: 3236.
Total: 1.618600 ms (FindLiveObjects: 0.174100 ms CreateObjectMapping: 0.098900 ms MarkObjects: 1.304100 ms  DeleteObjects: 0.040400 ms)

========================================================================
Received Import Request.
  Time since last request: 792.400099 seconds.
  path: Assets/Prefabs/Bullet.prefab
  artifactKey: Guid(25ceea43b823a5447a095b68fd4bc982) Importer(815301076,1909f56bfc062723c751e8b465ee728b)
Start importing Assets/Prefabs/Bullet.prefab using Guid(25ceea43b823a5447a095b68fd4bc982) Importer(815301076,1909f56bfc062723c751e8b465ee728b)  -> (artifact id: '1e8b728bda871a357e8e36a76eefe5d9') in 0.068577 seconds 
========================================================================
Received Import Request.
  Time since last request: 2.767794 seconds.
  path: Assets/Prefabs/Bullet.prefab
  artifactKey: Guid(25ceea43b823a5447a095b68fd4bc982) Importer(815301076,1909f56bfc062723c751e8b465ee728b)
Start importing Assets/Prefabs/Bullet.prefab using Guid(25ceea43b823a5447a095b68fd4bc982) Importer(815301076,1909f56bfc062723c751e8b465ee728b)  -> (artifact id: '417cb3311f0a3abe338b30974cca59ba') in 0.011550 seconds 
========================================================================
Received Prepare
Registering precompiled user dll's ...
Registered in 0.002295 seconds.
Begin MonoManager ReloadAssembly
Native extension for WindowsStandalone target not found
Refreshing native plugins compatible for Editor in 0.48 ms, found 1 plugins.
Preloading 0 native plugins for Editor in 0.00 ms.
Mono: successfully reloaded assembly
- Completed reload, in  0.820 seconds
Platform modules already initialized, skipping
Refreshing native plugins compatible for Editor in 0.61 ms, found 1 plugins.
Preloading 0 native plugins for Editor in 0.00 ms.
Unloading 2699 Unused Serialized files (Serialized files now loaded: 0)
System memory in use before: 104.5 MB.
System memory in use after: 104.7 MB.

Unloading 10 unused Assets to reduce memory usage. Loaded Objects now: 3240.
Total: 2.429100 ms (FindLiveObjects: 0.191700 ms CreateObjectMapping: 0.102400 ms MarkObjects: 2.086900 ms  DeleteObjects: 0.046900 ms)

========================================================================
Received Prepare
Registering precompiled user dll's ...
Registered in 0.002947 seconds.
Begin MonoManager ReloadAssembly
Native extension for WindowsStandalone target not found
Refreshing native plugins compatible for Editor in 0.44 ms, found 1 plugins.
Preloading 0 native plugins for Editor in 0.00 ms.
Mono: successfully reloaded assembly
- Completed reload, in  0.885 seconds
Platform modules already initialized, skipping
Refreshing native plugins compatible for Editor in 0.52 ms, found 1 plugins.
Preloading 0 native plugins for Editor in 0.00 ms.
Unloading 2699 Unused Serialized files (Serialized files now loaded: 0)
System memory in use before: 104.5 MB.
System memory in use after: 104.7 MB.

Unloading 10 unused Assets to reduce memory usage. Loaded Objects now: 3243.
Total: 1.866000 ms (FindLiveObjects: 0.210400 ms CreateObjectMapping: 0.138200 ms MarkObjects: 1.461100 ms  DeleteObjects: 0.055400 ms)

========================================================================
Received Import Request.
  Time since last request: 323.513947 seconds.
  path: Assets/Prefabs/Bullet.prefab
  artifactKey: Guid(25ceea43b823a5447a095b68fd4bc982) Importer(815301076,1909f56bfc062723c751e8b465ee728b)
Start importing Assets/Prefabs/Bullet.prefab using Guid(25ceea43b823a5447a095b68fd4bc982) Importer(815301076,1909f56bfc062723c751e8b465ee728b)  -> (artifact id: '8d373c0b0994e6da0045dc979cf7e70e') in 0.047364 seconds 
========================================================================
Received Prepare
Registering precompiled user dll's ...
Registered in 0.002429 seconds.
Begin MonoManager ReloadAssembly
Native extension for WindowsStandalone target not found
Refreshing native plugins compatible for Editor in 0.40 ms, found 1 plugins.
Preloading 0 native plugins for Editor in 0.00 ms.
Mono: successfully reloaded assembly
- Completed reload, in  0.870 seconds
Platform modules already initialized, skipping
Refreshing native plugins compatible for Editor in 0.41 ms, found 1 plugins.
Preloading 0 native plugins for Editor in 0.00 ms.
Unloading 2699 Unused Serialized files (Serialized files now loaded: 0)
System memory in use before: 104.5 MB.
System memory in use after: 104.7 MB.

Unloading 10 unused Assets to reduce memory usage. Loaded Objects now: 3247.
Total: 1.636700 ms (FindLiveObjects: 0.199100 ms CreateObjectMapping: 0.116600 ms MarkObjects: 1.284300 ms  DeleteObjects: 0.035700 ms)

========================================================================
Received Prepare
Registering precompiled user dll's ...
Registered in 0.002824 seconds.
Begin MonoManager ReloadAssembly
Native extension for WindowsStandalone target not found
Refreshing native plugins compatible for Editor in 0.42 ms, found 1 plugins.
Preloading 0 native plugins for Editor in 0.00 ms.
Mono: successfully reloaded assembly
- Completed reload, in  0.812 seconds
Platform modules already initialized, skipping
Refreshing native plugins compatible for Editor in 1.01 ms, found 1 plugins.
Preloading 0 native plugins for Editor in 0.00 ms.
Unloading 2699 Unused Serialized files (Serialized files now loaded: 0)
System memory in use before: 104.5 MB.
System memory in use after: 104.7 MB.

Unloading 10 unused Assets to reduce memory usage. Loaded Objects now: 3250.
Total: 4.678900 ms (FindLiveObjects: 0.300200 ms CreateObjectMapping: 0.250500 ms MarkObjects: 4.067000 ms  DeleteObjects: 0.059600 ms)

========================================================================
Received Import Request.
  Time since last request: 851.121910 seconds.
  path: Assets/Prefabs/Enemy
  artifactKey: Guid(f9ad8071a483ab140bf7913df38485d9) Importer(815301076,1909f56bfc062723c751e8b465ee728b)
Start importing Assets/Prefabs/Enemy using Guid(f9ad8071a483ab140bf7913df38485d9) Importer(815301076,1909f56bfc062723c751e8b465ee728b)  -> (artifact id: '9646f1eb68b3a97505837be618bb081b') in 0.006273 seconds 
========================================================================
Received Import Request.
  Time since last request: 11.450871 seconds.
  path: Assets/Prefabs/Projectile
  artifactKey: Guid(87794e51d7aced04f9d62d663559a2c3) Importer(815301076,1909f56bfc062723c751e8b465ee728b)
Start importing Assets/Prefabs/Projectile using Guid(87794e51d7aced04f9d62d663559a2c3) Importer(815301076,1909f56bfc062723c751e8b465ee728b)  -> (artifact id: '88aa61aa748a1d87defe29c10b890f29') in 0.006560 seconds 
========================================================================
Received Import Request.
  Time since last request: 13.697617 seconds.
  path: Assets/Prefabs/Weapon
  artifactKey: Guid(f7641d057a718724392ad4bff42b52cf) Importer(815301076,1909f56bfc062723c751e8b465ee728b)
Start importing Assets/Prefabs/Weapon using Guid(f7641d057a718724392ad4bff42b52cf) Importer(815301076,1909f56bfc062723c751e8b465ee728b)  -> (artifact id: 'c69b981774b89446bdd831fc6cd8fbb5') in 0.007799 seconds 
========================================================================
Received Import Request.
  Time since last request: 7.723032 seconds.
  path: Assets/Prefabs/Weapon/Bit Gun.prefab
  artifactKey: Guid(e2d2f940bd5f60e449467d58ace98cac) Importer(815301076,1909f56bfc062723c751e8b465ee728b)
Start importing Assets/Prefabs/Weapon/Bit Gun.prefab using Guid(e2d2f940bd5f60e449467d58ace98cac) Importer(815301076,1909f56bfc062723c751e8b465ee728b)  -> (artifact id: '5bc5a107fd56f7bc9581c8be52ec7030') in 0.053768 seconds 
========================================================================
Received Import Request.
  Time since last request: 90.406989 seconds.
  path: Assets/Materials/Enemy
  artifactKey: Guid(08568c99fcfe14b4b891aeebbc21c7f3) Importer(815301076,1909f56bfc062723c751e8b465ee728b)
Start importing Assets/Materials/Enemy using Guid(08568c99fcfe14b4b891aeebbc21c7f3) Importer(815301076,1909f56bfc062723c751e8b465ee728b)  -> (artifact id: '04c51803b526f0331d4bfdcf09bdda42') in 0.002557 seconds 
========================================================================
Received Import Request.
  Time since last request: 15.675445 seconds.
  path: Assets/Materials/Boo
  artifactKey: Guid(08568c99fcfe14b4b891aeebbc21c7f3) Importer(815301076,1909f56bfc062723c751e8b465ee728b)
Start importing Assets/Materials/Boo using Guid(08568c99fcfe14b4b891aeebbc21c7f3) Importer(815301076,1909f56bfc062723c751e8b465ee728b)  -> (artifact id: '8a49ce8ddfc544ac00bbc2f275561400') in 0.007183 seconds 
========================================================================
Received Import Request.
  Time since last request: 57.331327 seconds.
  path: Assets/Prefabs/Projectile/EnemyProjectile.prefab
  artifactKey: Guid(2f38748c57719444eadd92fea41cb6b0) Importer(815301076,1909f56bfc062723c751e8b465ee728b)
Start importing Assets/Prefabs/Projectile/EnemyProjectile.prefab using Guid(2f38748c57719444eadd92fea41cb6b0) Importer(815301076,1909f56bfc062723c751e8b465ee728b)  -> (artifact id: '4e7fc30bbdfe7f2821a9596e4fa35d4f') in 0.014658 seconds 
========================================================================
Received Prepare
Registering precompiled user dll's ...
Registered in 0.002529 seconds.
Begin MonoManager ReloadAssembly
Native extension for WindowsStandalone target not found
Refreshing native plugins compatible for Editor in 0.39 ms, found 1 plugins.
Preloading 0 native plugins for Editor in 0.00 ms.
Mono: successfully reloaded assembly
- Completed reload, in  0.812 seconds
Platform modules already initialized, skipping
Refreshing native plugins compatible for Editor in 0.44 ms, found 1 plugins.
Preloading 0 native plugins for Editor in 0.00 ms.
Unloading 2699 Unused Serialized files (Serialized files now loaded: 0)
System memory in use before: 104.5 MB.
System memory in use after: 104.7 MB.

Unloading 10 unused Assets to reduce memory usage. Loaded Objects now: 3254.
Total: 1.818800 ms (FindLiveObjects: 0.202700 ms CreateObjectMapping: 0.127100 ms MarkObjects: 1.444400 ms  DeleteObjects: 0.043600 ms)

========================================================================
Received Prepare
Registering precompiled user dll's ...
Registered in 0.002287 seconds.
Begin MonoManager ReloadAssembly
Native extension for WindowsStandalone target not found
Refreshing native plugins compatible for Editor in 0.47 ms, found 1 plugins.
Preloading 0 native plugins for Editor in 0.00 ms.
Mono: successfully reloaded assembly
- Completed reload, in  0.892 seconds
Platform modules already initialized, skipping
Refreshing native plugins compatible for Editor in 0.45 ms, found 1 plugins.
Preloading 0 native plugins for Editor in 0.00 ms.
Unloading 2699 Unused Serialized files (Serialized files now loaded: 0)
System memory in use before: 104.5 MB.
System memory in use after: 104.7 MB.

Unloading 10 unused Assets to reduce memory usage. Loaded Objects now: 3257.
Total: 1.802600 ms (FindLiveObjects: 0.191700 ms CreateObjectMapping: 0.110100 ms MarkObjects: 1.457200 ms  DeleteObjects: 0.042700 ms)

========================================================================
Received Prepare
Registering precompiled user dll's ...
Registered in 0.002963 seconds.
Begin MonoManager ReloadAssembly
Native extension for WindowsStandalone target not found
Refreshing native plugins compatible for Editor in 0.40 ms, found 1 plugins.
Preloading 0 native plugins for Editor in 0.00 ms.
Mono: successfully reloaded assembly
- Completed reload, in  0.819 seconds
Platform modules already initialized, skipping
Refreshing native plugins compatible for Editor in 0.39 ms, found 1 plugins.
Preloading 0 native plugins for Editor in 0.00 ms.
Unloading 2699 Unused Serialized files (Serialized files now loaded: 0)
System memory in use before: 104.5 MB.
System memory in use after: 104.7 MB.

Unloading 10 unused Assets to reduce memory usage. Loaded Objects now: 3260.
Total: 1.765700 ms (FindLiveObjects: 0.187700 ms CreateObjectMapping: 0.107600 ms MarkObjects: 1.431400 ms  DeleteObjects: 0.038100 ms)

========================================================================
Received Import Request.
  Time since last request: 213.715437 seconds.
  path: Assets/Scripts/Projectile.cs
  artifactKey: Guid(dbf264b8e664c0a4f8b3db27909fb5ad) Importer(815301076,1909f56bfc062723c751e8b465ee728b)
Start importing Assets/Scripts/Projectile.cs using Guid(dbf264b8e664c0a4f8b3db27909fb5ad) Importer(815301076,1909f56bfc062723c751e8b465ee728b)  -> (artifact id: 'c951fbdfbb028b9d8d7ce739d6c8b210') in 0.005820 seconds 
========================================================================
Received Prepare
Registering precompiled user dll's ...
Registered in 0.004023 seconds.
Begin MonoManager ReloadAssembly
Native extension for WindowsStandalone target not found
Refreshing native plugins compatible for Editor in 0.75 ms, found 1 plugins.
Preloading 0 native plugins for Editor in 0.00 ms.
Mono: successfully reloaded assembly
- Completed reload, in  1.677 seconds
Platform modules already initialized, skipping
Refreshing native plugins compatible for Editor in 0.70 ms, found 1 plugins.
Preloading 0 native plugins for Editor in 0.00 ms.
Unloading 2699 Unused Serialized files (Serialized files now loaded: 0)
System memory in use before: 104.5 MB.
System memory in use after: 104.7 MB.

Unloading 10 unused Assets to reduce memory usage. Loaded Objects now: 3263.
Total: 1.824500 ms (FindLiveObjects: 0.217200 ms CreateObjectMapping: 0.139900 ms MarkObjects: 1.410200 ms  DeleteObjects: 0.056100 ms)

========================================================================
Received Import Request.
  Time since last request: 17.517965 seconds.
  path: Assets/Scripts/PlayerProjectile.cs
  artifactKey: Guid(dbf264b8e664c0a4f8b3db27909fb5ad) Importer(815301076,1909f56bfc062723c751e8b465ee728b)
Start importing Assets/Scripts/PlayerProjectile.cs using Guid(dbf264b8e664c0a4f8b3db27909fb5ad) Importer(815301076,1909f56bfc062723c751e8b465ee728b)  -> (artifact id: '82c4df66fca63fad498e399d70fc8be9') in 0.009809 seconds 
========================================================================
Received Prepare
Registering precompiled user dll's ...
Registered in 0.004189 seconds.
Begin MonoManager ReloadAssembly
Native extension for WindowsStandalone target not found
Refreshing native plugins compatible for Editor in 0.40 ms, found 1 plugins.
Preloading 0 native plugins for Editor in 0.00 ms.
Mono: successfully reloaded assembly
- Completed reload, in  0.818 seconds
Platform modules already initialized, skipping
Refreshing native plugins compatible for Editor in 0.40 ms, found 1 plugins.
Preloading 0 native plugins for Editor in 0.00 ms.
Unloading 2699 Unused Serialized files (Serialized files now loaded: 0)
System memory in use before: 104.5 MB.
System memory in use after: 104.7 MB.

Unloading 10 unused Assets to reduce memory usage. Loaded Objects now: 3266.
Total: 1.639700 ms (FindLiveObjects: 0.179900 ms CreateObjectMapping: 0.114700 ms MarkObjects: 1.303200 ms  DeleteObjects: 0.041100 ms)

========================================================================
Received Prepare
Registering precompiled user dll's ...
Registered in 0.004086 seconds.
Begin MonoManager ReloadAssembly
Native extension for WindowsStandalone target not found
Refreshing native plugins compatible for Editor in 0.61 ms, found 1 plugins.
Preloading 0 native plugins for Editor in 0.00 ms.
Mono: successfully reloaded assembly
- Completed reload, in  1.194 seconds
Platform modules already initialized, skipping
Refreshing native plugins compatible for Editor in 0.39 ms, found 1 plugins.
Preloading 0 native plugins for Editor in 0.00 ms.
Unloading 2699 Unused Serialized files (Serialized files now loaded: 0)
System memory in use before: 104.5 MB.
System memory in use after: 104.7 MB.

Unloading 10 unused Assets to reduce memory usage. Loaded Objects now: 3269.
Total: 1.594300 ms (FindLiveObjects: 0.187400 ms CreateObjectMapping: 0.115900 ms MarkObjects: 1.253900 ms  DeleteObjects: 0.036200 ms)

========================================================================
Received Import Request.
  Time since last request: 28.636451 seconds.
  path: Assets/Scripts/PlayerProjectile.cs
  artifactKey: Guid(dbf264b8e664c0a4f8b3db27909fb5ad) Importer(815301076,1909f56bfc062723c751e8b465ee728b)
Start importing Assets/Scripts/PlayerProjectile.cs using Guid(dbf264b8e664c0a4f8b3db27909fb5ad) Importer(815301076,1909f56bfc062723c751e8b465ee728b)  -> (artifact id: '8d071b9cc2b3f6b0130d6fa18f46c4c4') in 0.006017 seconds 
========================================================================
Received Import Request.
  Time since last request: 0.480012 seconds.
  path: Assets/Prefabs/Projectile/EnemyProjectile.prefab
  artifactKey: Guid(2f38748c57719444eadd92fea41cb6b0) Importer(815301076,1909f56bfc062723c751e8b465ee728b)
Start importing Assets/Prefabs/Projectile/EnemyProjectile.prefab using Guid(2f38748c57719444eadd92fea41cb6b0) Importer(815301076,1909f56bfc062723c751e8b465ee728b)  -> (artifact id: '1650166cf11f619807e6cf24418b65d4') in 0.066994 seconds 
========================================================================
Received Import Request.
  Time since last request: 3.193422 seconds.
  path: Assets/Prefabs/Projectile/EnemyProjectile.prefab
  artifactKey: Guid(2f38748c57719444eadd92fea41cb6b0) Importer(815301076,1909f56bfc062723c751e8b465ee728b)
Start importing Assets/Prefabs/Projectile/EnemyProjectile.prefab using Guid(2f38748c57719444eadd92fea41cb6b0) Importer(815301076,1909f56bfc062723c751e8b465ee728b)  -> (artifact id: '440717e27e757d885c845f7fa4e133dd') in 0.010923 seconds 
========================================================================
Received Import Request.
  Time since last request: 10.035888 seconds.
  path: Assets/Scripts/EnemyProjectile.cs
  artifactKey: Guid(86f538ef9c4373b46826063786b5c358) Importer(815301076,1909f56bfc062723c751e8b465ee728b)
Start importing Assets/Scripts/EnemyProjectile.cs using Guid(86f538ef9c4373b46826063786b5c358) Importer(815301076,1909f56bfc062723c751e8b465ee728b)  -> (artifact id: '3d7bbdfe00b4c88adad92c4a92647ec3') in 0.016273 seconds 
========================================================================
Received Prepare
Registering precompiled user dll's ...
Registered in 0.002984 seconds.
Begin MonoManager ReloadAssembly
Native extension for WindowsStandalone target not found
Refreshing native plugins compatible for Editor in 0.46 ms, found 1 plugins.
Preloading 0 native plugins for Editor in 0.00 ms.
Mono: successfully reloaded assembly
- Completed reload, in  1.036 seconds
Platform modules already initialized, skipping
Refreshing native plugins compatible for Editor in 0.52 ms, found 1 plugins.
Preloading 0 native plugins for Editor in 0.00 ms.
Unloading 2700 Unused Serialized files (Serialized files now loaded: 0)
System memory in use before: 104.6 MB.
System memory in use after: 104.8 MB.

Unloading 10 unused Assets to reduce memory usage. Loaded Objects now: 3274.
Total: 1.824900 ms (FindLiveObjects: 0.186500 ms CreateObjectMapping: 0.116100 ms MarkObjects: 1.480000 ms  DeleteObjects: 0.040900 ms)

========================================================================
Received Prepare
Registering precompiled user dll's ...
Registered in 0.004125 seconds.
Begin MonoManager ReloadAssembly
Native extension for WindowsStandalone target not found
Refreshing native plugins compatible for Editor in 0.41 ms, found 1 plugins.
Preloading 0 native plugins for Editor in 0.00 ms.
Mono: successfully reloaded assembly
- Completed reload, in  0.932 seconds
Platform modules already initialized, skipping
Refreshing native plugins compatible for Editor in 0.44 ms, found 1 plugins.
Preloading 0 native plugins for Editor in 0.00 ms.
Unloading 2700 Unused Serialized files (Serialized files now loaded: 0)
System memory in use before: 104.6 MB.
System memory in use after: 104.8 MB.

Unloading 10 unused Assets to reduce memory usage. Loaded Objects now: 3277.
Total: 1.845100 ms (FindLiveObjects: 0.222300 ms CreateObjectMapping: 0.135300 ms MarkObjects: 1.441900 ms  DeleteObjects: 0.044600 ms)

========================================================================
Received Import Request.
  Time since last request: 46.258855 seconds.
  path: Assets/Scripts/EnemyProjectile.cs
  artifactKey: Guid(86f538ef9c4373b46826063786b5c358) Importer(815301076,1909f56bfc062723c751e8b465ee728b)
Start importing Assets/Scripts/EnemyProjectile.cs using Guid(86f538ef9c4373b46826063786b5c358) Importer(815301076,1909f56bfc062723c751e8b465ee728b)  -> (artifact id: '3f56c71e631d58b4c13cc7909a09fed3') in 0.005642 seconds 
========================================================================
Received Prepare
Registering precompiled user dll's ...
Registered in 0.003009 seconds.
Begin MonoManager ReloadAssembly
Native extension for WindowsStandalone target not found
Refreshing native plugins compatible for Editor in 0.41 ms, found 1 plugins.
Preloading 0 native plugins for Editor in 0.00 ms.
Mono: successfully reloaded assembly
- Completed reload, in  0.911 seconds
Platform modules already initialized, skipping
Refreshing native plugins compatible for Editor in 0.95 ms, found 1 plugins.
Preloading 0 native plugins for Editor in 0.00 ms.
Unloading 2700 Unused Serialized files (Serialized files now loaded: 0)
System memory in use before: 104.6 MB.
System memory in use after: 104.8 MB.

Unloading 10 unused Assets to reduce memory usage. Loaded Objects now: 3280.
Total: 3.398400 ms (FindLiveObjects: 0.470400 ms CreateObjectMapping: 0.299700 ms MarkObjects: 2.569700 ms  DeleteObjects: 0.056800 ms)

========================================================================
Received Import Request.
  Time since last request: 52.957087 seconds.
  path: Assets/Scripts/EnemyProjectile.cs
  artifactKey: Guid(86f538ef9c4373b46826063786b5c358) Importer(815301076,1909f56bfc062723c751e8b465ee728b)
Start importing Assets/Scripts/EnemyProjectile.cs using Guid(86f538ef9c4373b46826063786b5c358) Importer(815301076,1909f56bfc062723c751e8b465ee728b)  -> (artifact id: '1016aec630b39cd8dd801fdceeda1725') in 0.007391 seconds 
========================================================================
Received Import Request.
  Time since last request: 67.484683 seconds.
  path: Assets/Prefabs/Projectile/EnemyProjectile.prefab
  artifactKey: Guid(2f38748c57719444eadd92fea41cb6b0) Importer(815301076,1909f56bfc062723c751e8b465ee728b)
Start importing Assets/Prefabs/Projectile/EnemyProjectile.prefab using Guid(2f38748c57719444eadd92fea41cb6b0) Importer(815301076,1909f56bfc062723c751e8b465ee728b)  -> (artifact id: '04947612260ef5496c32cfc5639c2032') in 0.045258 seconds 
========================================================================
Received Prepare
Registering precompiled user dll's ...
Registered in 0.003570 seconds.
Begin MonoManager ReloadAssembly
Native extension for WindowsStandalone target not found
Refreshing native plugins compatible for Editor in 0.63 ms, found 1 plugins.
Preloading 0 native plugins for Editor in 0.00 ms.
Mono: successfully reloaded assembly
- Completed reload, in  1.183 seconds
Platform modules already initialized, skipping
Refreshing native plugins compatible for Editor in 0.46 ms, found 1 plugins.
Preloading 0 native plugins for Editor in 0.00 ms.
Unloading 2700 Unused Serialized files (Serialized files now loaded: 0)
System memory in use before: 104.7 MB.
System memory in use after: 104.9 MB.

Unloading 10 unused Assets to reduce memory usage. Loaded Objects now: 3284.
Total: 3.097000 ms (FindLiveObjects: 0.452400 ms CreateObjectMapping: 0.216100 ms MarkObjects: 2.364400 ms  DeleteObjects: 0.062100 ms)

========================================================================
Received Prepare
Registering precompiled user dll's ...
Registered in 0.002365 seconds.
Begin MonoManager ReloadAssembly
Native extension for WindowsStandalone target not found
Refreshing native plugins compatible for Editor in 0.45 ms, found 1 plugins.
Preloading 0 native plugins for Editor in 0.00 ms.
Mono: successfully reloaded assembly
- Completed reload, in  0.769 seconds
Platform modules already initialized, skipping
Refreshing native plugins compatible for Editor in 0.39 ms, found 1 plugins.
Preloading 0 native plugins for Editor in 0.00 ms.
Unloading 2700 Unused Serialized files (Serialized files now loaded: 0)
System memory in use before: 104.7 MB.
System memory in use after: 104.9 MB.

Unloading 10 unused Assets to reduce memory usage. Loaded Objects now: 3287.
Total: 1.851100 ms (FindLiveObjects: 0.259700 ms CreateObjectMapping: 0.139600 ms MarkObjects: 1.411800 ms  DeleteObjects: 0.039200 ms)

========================================================================
Received Prepare
Registering precompiled user dll's ...
Registered in 0.003305 seconds.
Begin MonoManager ReloadAssembly
Native extension for WindowsStandalone target not found
Refreshing native plugins compatible for Editor in 0.63 ms, found 1 plugins.
Preloading 0 native plugins for Editor in 0.00 ms.
Mono: successfully reloaded assembly
- Completed reload, in  0.832 seconds
Platform modules already initialized, skipping
Refreshing native plugins compatible for Editor in 0.41 ms, found 1 plugins.
Preloading 0 native plugins for Editor in 0.00 ms.
Unloading 2700 Unused Serialized files (Serialized files now loaded: 0)
System memory in use before: 104.7 MB.
System memory in use after: 104.9 MB.

Unloading 10 unused Assets to reduce memory usage. Loaded Objects now: 3290.
Total: 1.620700 ms (FindLiveObjects: 0.176700 ms CreateObjectMapping: 0.102100 ms MarkObjects: 1.304200 ms  DeleteObjects: 0.036800 ms)

========================================================================
Received Prepare
Registering precompiled user dll's ...
Registered in 0.002189 seconds.
Begin MonoManager ReloadAssembly
Native extension for WindowsStandalone target not found
Refreshing native plugins compatible for Editor in 0.55 ms, found 1 plugins.
Preloading 0 native plugins for Editor in 0.00 ms.
Mono: successfully reloaded assembly
- Completed reload, in  0.911 seconds
Platform modules already initialized, skipping
Refreshing native plugins compatible for Editor in 0.42 ms, found 1 plugins.
Preloading 0 native plugins for Editor in 0.00 ms.
Unloading 2700 Unused Serialized files (Serialized files now loaded: 0)
System memory in use before: 104.7 MB.
System memory in use after: 104.9 MB.

Unloading 10 unused Assets to reduce memory usage. Loaded Objects now: 3293.
Total: 1.705000 ms (FindLiveObjects: 0.197100 ms CreateObjectMapping: 0.115500 ms MarkObjects: 1.347700 ms  DeleteObjects: 0.043700 ms)

========================================================================
Received Prepare
Registering precompiled user dll's ...
Registered in 0.002253 seconds.
Begin MonoManager ReloadAssembly
Native extension for WindowsStandalone target not found
Refreshing native plugins compatible for Editor in 0.42 ms, found 1 plugins.
Preloading 0 native plugins for Editor in 0.00 ms.
Mono: successfully reloaded assembly
- Completed reload, in  0.827 seconds
Platform modules already initialized, skipping
Refreshing native plugins compatible for Editor in 0.42 ms, found 1 plugins.
Preloading 0 native plugins for Editor in 0.00 ms.
Unloading 2700 Unused Serialized files (Serialized files now loaded: 0)
System memory in use before: 104.7 MB.
System memory in use after: 104.9 MB.

Unloading 10 unused Assets to reduce memory usage. Loaded Objects now: 3296.
Total: 2.589600 ms (FindLiveObjects: 0.337400 ms CreateObjectMapping: 0.174700 ms MarkObjects: 2.032300 ms  DeleteObjects: 0.044100 ms)

========================================================================
Received Prepare
Registering precompiled user dll's ...
Registered in 0.002246 seconds.
Begin MonoManager ReloadAssembly
Native extension for WindowsStandalone target not found
Refreshing native plugins compatible for Editor in 0.70 ms, found 1 plugins.
Preloading 0 native plugins for Editor in 0.00 ms.
Mono: successfully reloaded assembly
- Completed reload, in  0.749 seconds
Platform modules already initialized, skipping
Refreshing native plugins compatible for Editor in 0.43 ms, found 1 plugins.
Preloading 0 native plugins for Editor in 0.00 ms.
Unloading 2700 Unused Serialized files (Serialized files now loaded: 0)
System memory in use before: 104.7 MB.
System memory in use after: 104.9 MB.

Unloading 10 unused Assets to reduce memory usage. Loaded Objects now: 3299.
Total: 1.665300 ms (FindLiveObjects: 0.185200 ms CreateObjectMapping: 0.111300 ms MarkObjects: 1.329900 ms  DeleteObjects: 0.038200 ms)

========================================================================
Received Import Request.
  Time since last request: 307.613682 seconds.
  path: Assets/Prefabs/Projectile/EnemyProjectile.prefab
  artifactKey: Guid(2f38748c57719444eadd92fea41cb6b0) Importer(815301076,1909f56bfc062723c751e8b465ee728b)
Start importing Assets/Prefabs/Projectile/EnemyProjectile.prefab using Guid(2f38748c57719444eadd92fea41cb6b0) Importer(815301076,1909f56bfc062723c751e8b465ee728b)  -> (artifact id: 'beaf4ff65dd8438a4f0f5e98bda67806') in 0.056834 seconds 
========================================================================
Received Prepare
Registering precompiled user dll's ...
Registered in 0.002724 seconds.
Begin MonoManager ReloadAssembly
Native extension for WindowsStandalone target not found
Refreshing native plugins compatible for Editor in 0.40 ms, found 1 plugins.
Preloading 0 native plugins for Editor in 0.00 ms.
Mono: successfully reloaded assembly
- Completed reload, in  0.837 seconds
Platform modules already initialized, skipping
Refreshing native plugins compatible for Editor in 0.44 ms, found 1 plugins.
Preloading 0 native plugins for Editor in 0.00 ms.
Unloading 2700 Unused Serialized files (Serialized files now loaded: 0)
System memory in use before: 104.7 MB.
System memory in use after: 104.9 MB.

Unloading 10 unused Assets to reduce memory usage. Loaded Objects now: 3303.
Total: 2.160500 ms (FindLiveObjects: 0.199400 ms CreateObjectMapping: 0.117000 ms MarkObjects: 1.798500 ms  DeleteObjects: 0.044400 ms)

========================================================================
Received Prepare
Registering precompiled user dll's ...
Registered in 0.003283 seconds.
Begin MonoManager ReloadAssembly
Native extension for WindowsStandalone target not found
Refreshing native plugins compatible for Editor in 0.61 ms, found 1 plugins.
Preloading 0 native plugins for Editor in 0.00 ms.
Mono: successfully reloaded assembly
- Completed reload, in  0.825 seconds
Platform modules already initialized, skipping
Refreshing native plugins compatible for Editor in 0.49 ms, found 1 plugins.
Preloading 0 native plugins for Editor in 0.00 ms.
Unloading 2700 Unused Serialized files (Serialized files now loaded: 0)
System memory in use before: 104.8 MB.
System memory in use after: 105.0 MB.

Unloading 10 unused Assets to reduce memory usage. Loaded Objects now: 3306.
Total: 1.700100 ms (FindLiveObjects: 0.185100 ms CreateObjectMapping: 0.105400 ms MarkObjects: 1.363600 ms  DeleteObjects: 0.045200 ms)

========================================================================
Received Prepare
Registering precompiled user dll's ...
Registered in 0.003074 seconds.
Begin MonoManager ReloadAssembly
Native extension for WindowsStandalone target not found
Refreshing native plugins compatible for Editor in 0.41 ms, found 1 plugins.
Preloading 0 native plugins for Editor in 0.00 ms.
Mono: successfully reloaded assembly
- Completed reload, in  0.831 seconds
Platform modules already initialized, skipping
Refreshing native plugins compatible for Editor in 0.70 ms, found 1 plugins.
Preloading 0 native plugins for Editor in 0.00 ms.
Unloading 2700 Unused Serialized files (Serialized files now loaded: 0)
System memory in use before: 104.8 MB.
System memory in use after: 105.0 MB.

Unloading 10 unused Assets to reduce memory usage. Loaded Objects now: 3309.
Total: 2.404800 ms (FindLiveObjects: 0.181400 ms CreateObjectMapping: 0.107900 ms MarkObjects: 2.063100 ms  DeleteObjects: 0.051300 ms)

========================================================================
Received Prepare
Registering precompiled user dll's ...
Registered in 0.003601 seconds.
Begin MonoManager ReloadAssembly
Native extension for WindowsStandalone target not found
Refreshing native plugins compatible for Editor in 0.40 ms, found 1 plugins.
Preloading 0 native plugins for Editor in 0.00 ms.
Mono: successfully reloaded assembly
- Completed reload, in  0.855 seconds
Platform modules already initialized, skipping
Refreshing native plugins compatible for Editor in 0.43 ms, found 1 plugins.
Preloading 0 native plugins for Editor in 0.00 ms.
Unloading 2700 Unused Serialized files (Serialized files now loaded: 0)
System memory in use before: 104.8 MB.
System memory in use after: 105.0 MB.

Unloading 10 unused Assets to reduce memory usage. Loaded Objects now: 3312.
Total: 2.107200 ms (FindLiveObjects: 0.210800 ms CreateObjectMapping: 0.122400 ms MarkObjects: 1.720800 ms  DeleteObjects: 0.051900 ms)

========================================================================
Received Prepare
Registering precompiled user dll's ...
Registered in 0.003345 seconds.
Begin MonoManager ReloadAssembly
Native extension for WindowsStandalone target not found
Refreshing native plugins compatible for Editor in 0.41 ms, found 1 plugins.
Preloading 0 native plugins for Editor in 0.00 ms.
Mono: successfully reloaded assembly
- Completed reload, in  0.939 seconds
Platform modules already initialized, skipping
Refreshing native plugins compatible for Editor in 0.43 ms, found 1 plugins.
Preloading 0 native plugins for Editor in 0.00 ms.
Unloading 2700 Unused Serialized files (Serialized files now loaded: 0)
System memory in use before: 104.8 MB.
System memory in use after: 105.0 MB.

Unloading 10 unused Assets to reduce memory usage. Loaded Objects now: 3315.
Total: 2.137900 ms (FindLiveObjects: 0.308800 ms CreateObjectMapping: 0.164500 ms MarkObjects: 1.594700 ms  DeleteObjects: 0.068700 ms)

========================================================================
Received Prepare
Registering precompiled user dll's ...
Registered in 0.002305 seconds.
Begin MonoManager ReloadAssembly
Native extension for WindowsStandalone target not found
Refreshing native plugins compatible for Editor in 0.44 ms, found 1 plugins.
Preloading 0 native plugins for Editor in 0.00 ms.
Mono: successfully reloaded assembly
- Completed reload, in  0.758 seconds
Platform modules already initialized, skipping
Refreshing native plugins compatible for Editor in 0.41 ms, found 1 plugins.
Preloading 0 native plugins for Editor in 0.00 ms.
Unloading 2700 Unused Serialized files (Serialized files now loaded: 0)
System memory in use before: 104.8 MB.
System memory in use after: 105.0 MB.

Unloading 10 unused Assets to reduce memory usage. Loaded Objects now: 3318.
Total: 1.566400 ms (FindLiveObjects: 0.191500 ms CreateObjectMapping: 0.115700 ms MarkObjects: 1.223400 ms  DeleteObjects: 0.035100 ms)

========================================================================
Received Prepare
Registering precompiled user dll's ...
Registered in 0.002306 seconds.
Begin MonoManager ReloadAssembly
Native extension for WindowsStandalone target not found
Refreshing native plugins compatible for Editor in 0.40 ms, found 1 plugins.
Preloading 0 native plugins for Editor in 0.00 ms.
Mono: successfully reloaded assembly
- Completed reload, in  0.765 seconds
Platform modules already initialized, skipping
Refreshing native plugins compatible for Editor in 0.41 ms, found 1 plugins.
Preloading 0 native plugins for Editor in 0.00 ms.
Unloading 2700 Unused Serialized files (Serialized files now loaded: 0)
System memory in use before: 104.8 MB.
System memory in use after: 105.0 MB.

Unloading 10 unused Assets to reduce memory usage. Loaded Objects now: 3321.
Total: 1.682000 ms (FindLiveObjects: 0.193700 ms CreateObjectMapping: 0.118800 ms MarkObjects: 1.330100 ms  DeleteObjects: 0.038300 ms)

========================================================================
Received Import Request.
  Time since last request: 732.412048 seconds.
  path: Assets/Prefabs/Projectile/EnemyProjectile.prefab
  artifactKey: Guid(2f38748c57719444eadd92fea41cb6b0) Importer(815301076,1909f56bfc062723c751e8b465ee728b)
Start importing Assets/Prefabs/Projectile/EnemyProjectile.prefab using Guid(2f38748c57719444eadd92fea41cb6b0) Importer(815301076,1909f56bfc062723c751e8b465ee728b)  -> (artifact id: 'cb831befcf940d48043f9f029065225a') in 0.058715 seconds 
========================================================================
Received Import Request.
  Time since last request: 20.115767 seconds.
  path: Assets/Standard Assets
  artifactKey: Guid(c6195a43a0187a34e9c6be23520d3766) Importer(815301076,1909f56bfc062723c751e8b465ee728b)
Start importing Assets/Standard Assets using Guid(c6195a43a0187a34e9c6be23520d3766) Importer(815301076,1909f56bfc062723c751e8b465ee728b)  -> (artifact id: '3dde5de66680e5b3784f3a17ea7ab6c4') in 0.006609 seconds 
========================================================================
Received Import Request.
  Time since last request: 8.349512 seconds.
  path: Packages/com.unity.ide.rider
  artifactKey: Guid(ea5aa18a49e4f29d74984ea0ea11a238) Importer(815301076,1909f56bfc062723c751e8b465ee728b)
Start importing Packages/com.unity.ide.rider using Guid(ea5aa18a49e4f29d74984ea0ea11a238) Importer(815301076,1909f56bfc062723c751e8b465ee728b)  -> (artifact id: '38d02623396ab86594f3405d33b9714f') in 0.007467 seconds 
========================================================================
Received Import Request.
  Time since last request: 254.261748 seconds.
  path: Assets/Scripts/GameManager.cs
  artifactKey: Guid(ca05d977ea419954db03a527ab064b94) Importer(815301076,1909f56bfc062723c751e8b465ee728b)
Start importing Assets/Scripts/GameManager.cs using Guid(ca05d977ea419954db03a527ab064b94) Importer(815301076,1909f56bfc062723c751e8b465ee728b)  -> (artifact id: '28a362c50d552d4606b6473347949d51') in 0.018961 seconds 
========================================================================
Received Prepare
Registering precompiled user dll's ...
Registered in 0.002180 seconds.
Begin MonoManager ReloadAssembly
Native extension for WindowsStandalone target not found
Refreshing native plugins compatible for Editor in 1.62 ms, found 1 plugins.
Preloading 0 native plugins for Editor in 0.00 ms.
Mono: successfully reloaded assembly
- Completed reload, in 12.131 seconds
Platform modules already initialized, skipping
Refreshing native plugins compatible for Editor in 0.89 ms, found 1 plugins.
Preloading 0 native plugins for Editor in 0.00 ms.
Unloading 2701 Unused Serialized files (Serialized files now loaded: 0)
System memory in use before: 104.9 MB.
System memory in use after: 105.1 MB.

Unloading 10 unused Assets to reduce memory usage. Loaded Objects now: 3327.
Total: 26.755800 ms (FindLiveObjects: 11.241100 ms CreateObjectMapping: 0.185200 ms MarkObjects: 15.271400 ms  DeleteObjects: 0.056900 ms)

========================================================================
Received Prepare
Registering precompiled user dll's ...
Registered in 0.002290 seconds.
Begin MonoManager ReloadAssembly
Native extension for WindowsStandalone target not found
Refreshing native plugins compatible for Editor in 0.43 ms, found 1 plugins.
Preloading 0 native plugins for Editor in 0.00 ms.
Mono: successfully reloaded assembly
- Completed reload, in  0.834 seconds
Platform modules already initialized, skipping
Refreshing native plugins compatible for Editor in 0.41 ms, found 1 plugins.
Preloading 0 native plugins for Editor in 0.00 ms.
Unloading 2701 Unused Serialized files (Serialized files now loaded: 0)
System memory in use before: 104.9 MB.
System memory in use after: 105.1 MB.

Unloading 10 unused Assets to reduce memory usage. Loaded Objects now: 3330.
Total: 2.873400 ms (FindLiveObjects: 0.204900 ms CreateObjectMapping: 0.135900 ms MarkObjects: 2.453100 ms  DeleteObjects: 0.078000 ms)

========================================================================
Received Prepare
Registering precompiled user dll's ...
Registered in 0.020646 seconds.
Begin MonoManager ReloadAssembly
Native extension for WindowsStandalone target not found
Refreshing native plugins compatible for Editor in 0.43 ms, found 1 plugins.
Preloading 0 native plugins for Editor in 0.00 ms.
Mono: successfully reloaded assembly
- Completed reload, in  1.093 seconds
Platform modules already initialized, skipping
Refreshing native plugins compatible for Editor in 0.60 ms, found 1 plugins.
Preloading 0 native plugins for Editor in 0.00 ms.
Unloading 2701 Unused Serialized files (Serialized files now loaded: 0)
System memory in use before: 104.9 MB.
System memory in use after: 105.1 MB.

Unloading 10 unused Assets to reduce memory usage. Loaded Objects now: 3333.
Total: 4.888000 ms (FindLiveObjects: 0.295700 ms CreateObjectMapping: 0.179100 ms MarkObjects: 4.358800 ms  DeleteObjects: 0.052700 ms)

========================================================================
Received Import Request.
  Time since last request: 349.075136 seconds.
  path: Assets/Prefabs/Player
  artifactKey: Guid(0208c3828ddc30648ac5ba206f0f2351) Importer(815301076,1909f56bfc062723c751e8b465ee728b)
Start importing Assets/Prefabs/Player using Guid(0208c3828ddc30648ac5ba206f0f2351) Importer(815301076,1909f56bfc062723c751e8b465ee728b)  -> (artifact id: 'c32983b639745d6b3f4500d0a173a8d8') in 0.011679 seconds 
========================================================================
Received Import Request.
  Time since last request: 3.111376 seconds.
  path: Assets/Prefabs/Player/Player.prefab
  artifactKey: Guid(86705e5bf2837ff48988f7683d0bdffd) Importer(815301076,1909f56bfc062723c751e8b465ee728b)
Start importing Assets/Prefabs/Player/Player.prefab using Guid(86705e5bf2837ff48988f7683d0bdffd) Importer(815301076,1909f56bfc062723c751e8b465ee728b)  -> (artifact id: '083ffc1eb4351db444e1f70e9e273b08') in 0.062820 seconds 
========================================================================
Received Prepare
Registering precompiled user dll's ...
Registered in 0.003739 seconds.
Begin MonoManager ReloadAssembly
Native extension for WindowsStandalone target not found
Refreshing native plugins compatible for Editor in 0.47 ms, found 1 plugins.
Preloading 0 native plugins for Editor in 0.00 ms.
Mono: successfully reloaded assembly
- Completed reload, in  1.089 seconds
Platform modules already initialized, skipping
Refreshing native plugins compatible for Editor in 0.84 ms, found 1 plugins.
Preloading 0 native plugins for Editor in 0.00 ms.
Unloading 2701 Unused Serialized files (Serialized files now loaded: 0)
System memory in use before: 104.9 MB.
System memory in use after: 105.1 MB.

Unloading 10 unused Assets to reduce memory usage. Loaded Objects now: 3338.
Total: 1.766800 ms (FindLiveObjects: 0.197400 ms CreateObjectMapping: 0.110100 ms MarkObjects: 1.408600 ms  DeleteObjects: 0.049600 ms)

========================================================================
Received Prepare
Registering precompiled user dll's ...
Registered in 0.002188 seconds.
Begin MonoManager ReloadAssembly
Native extension for WindowsStandalone target not found
Refreshing native plugins compatible for Editor in 0.56 ms, found 1 plugins.
Preloading 0 native plugins for Editor in 0.00 ms.
Mono: successfully reloaded assembly
- Completed reload, in  0.805 seconds
Platform modules already initialized, skipping
Refreshing native plugins compatible for Editor in 0.40 ms, found 1 plugins.
Preloading 0 native plugins for Editor in 0.00 ms.
Unloading 2701 Unused Serialized files (Serialized files now loaded: 0)
System memory in use before: 104.9 MB.
System memory in use after: 105.1 MB.

Unloading 10 unused Assets to reduce memory usage. Loaded Objects now: 3341.
Total: 1.799100 ms (FindLiveObjects: 0.206000 ms CreateObjectMapping: 0.150900 ms MarkObjects: 1.395600 ms  DeleteObjects: 0.045600 ms)

========================================================================
Received Import Request.
  Time since last request: 698.696735 seconds.
  path: Assets/Scripts/Character.cs
  artifactKey: Guid(8105886748fb0be4697af2f0b985d17a) Importer(815301076,1909f56bfc062723c751e8b465ee728b)
Start importing Assets/Scripts/Character.cs using Guid(8105886748fb0be4697af2f0b985d17a) Importer(815301076,1909f56bfc062723c751e8b465ee728b)  -> (artifact id: 'caee071c4717c1dc1d7fbbad6b9e3f06') in 0.026374 seconds 
========================================================================
Received Import Request.
  Time since last request: 0.717529 seconds.
  path: Assets/Scripts/Enemy.cs
  artifactKey: Guid(b3ff5e5a2d098674b9eddb4e964da4b7) Importer(815301076,1909f56bfc062723c751e8b465ee728b)
Start importing Assets/Scripts/Enemy.cs using Guid(b3ff5e5a2d098674b9eddb4e964da4b7) Importer(815301076,1909f56bfc062723c751e8b465ee728b)  -> (artifact id: '6b1be48abd88f590d5416a0e86a2a3b6') in 0.007424 seconds 
========================================================================
Received Import Request.
  Time since last request: 26.873297 seconds.
  path: Assets/Scripts/EnemyProjectile.cs
  artifactKey: Guid(86f538ef9c4373b46826063786b5c358) Importer(815301076,1909f56bfc062723c751e8b465ee728b)
Start importing Assets/Scripts/EnemyProjectile.cs using Guid(86f538ef9c4373b46826063786b5c358) Importer(815301076,1909f56bfc062723c751e8b465ee728b)  -> (artifact id: '04d3b7b364a9d1fa64017d2a3de527d4') in 0.002765 seconds 
========================================================================
Received Prepare
Registering precompiled user dll's ...
Registered in 0.003038 seconds.
Begin MonoManager ReloadAssembly
Native extension for WindowsStandalone target not found
Refreshing native plugins compatible for Editor in 0.42 ms, found 1 plugins.
Preloading 0 native plugins for Editor in 0.00 ms.
Mono: successfully reloaded assembly
- Completed reload, in  0.823 seconds
Platform modules already initialized, skipping
Refreshing native plugins compatible for Editor in 0.43 ms, found 1 plugins.
Preloading 0 native plugins for Editor in 0.00 ms.
Unloading 2701 Unused Serialized files (Serialized files now loaded: 0)
System memory in use before: 105.0 MB.
System memory in use after: 105.2 MB.

Unloading 10 unused Assets to reduce memory usage. Loaded Objects now: 3344.
Total: 3.699800 ms (FindLiveObjects: 0.246900 ms CreateObjectMapping: 0.191700 ms MarkObjects: 3.213500 ms  DeleteObjects: 0.046500 ms)

AssetImportWorkerClient::OnTransportError - code=2 error=End of file
